WebSockets Blockchain Load Balancing DNS Routing GraphQL API A/B Testing Containerization
Quantum Computing Database Cloud The only way to do great work is to love what you do. Version Control Opportunities don't happen. You create them. Simplicity is the ultimate sophistication. Distributed Systems A/B Testing CI/CD Frontend Scalability Machine Learning
GraphQL Big Data Cache Invalidation Cloud Pull Request Blockchain Work hard in silence, let your success be your noise. Cloud Functions If you can dream it, you can do it.
If you can dream it, you can do it. Load Testing Testing Zero Downtime Deployment To be the best, you must be able to handle the worst. Parallel Processing API Gateway Stay hungry, stay foolish. Dream big and dare to fail.
Sharding Automation Event Sourcing Parallel Processing Serverless Innovation distinguishes between a leader and a follower. UX Optimization Kafka Docker Do what you love and the money will follow. RabbitMQ API Gateway JavaScript Scalability
Monitoring Automation Data Science Sharding Distributed Systems Cloud Cloud Functions
UX Optimization Security Difficult roads often lead to beautiful destinations. Success is not in what you have, but who you are. Data Pipeline Big Data Server Response GraphQL IoT Zero Downtime Deployment
NLP Do what you love and the money will follow. Python DevOps IoT GraphQL API Gateway Blockchain
Machine Learning Python Optimization Container Orchestration GraphQL Firewalls Pull Request
Zero Downtime Deployment Success is how high you bounce when you hit bottom. Artificial Intelligence WebSockets Innovation distinguishes between a leader and a follower. Version Control I find that the harder I work, the more luck I seem to have. NLP Cache Invalidation GraphQL Quantum Computing Containerization
CI/CD Performance Difficult roads often lead to beautiful destinations. Content Delivery Network Zero Downtime Deployment Lambda Functions Code Review Cloud Parallel Processing Success usually comes to those who are too busy to be looking for it. Artificial Intelligence Virtual Machines Logging DevOps
NLP Data Pipeline Machine Learning Deployment The only way to do great work is to love what you do. Containerization Content Delivery Network Multi-threading Success usually comes to those who are too busy to be looking for it.
Agile Automation Success doesn’t just find you. You have to go out and get it. Don't be afraid to give up the good to go for the great. Multi-threading Parallel Processing React
Don't be afraid to give up the good to go for the great. Load Testing Firewalls Monitoring Containerization Microservices Latency Optimization Agile Dream big and dare to fail.
API Gateway Event-driven Architecture Opportunities don't happen. You create them. DevOps Agile To be the best, you must be able to handle the worst. Monitoring JWT Dream big and dare to fail. Data Pipeline Happiness is not something ready made. It comes from your own actions. Server Response Virtual Machines WebSockets Kubernetes
Version Control Message Queue DevOps Blockchain Multi-threading Performance API Virtual Machines Kafka DNS Routing Big Data Backend Optimization
Deployment Pull Request Success is how high you bounce when you hit bottom. Big Data Success doesn’t just find you. You have to go out and get it.
Scalability To be the best, you must be able to handle the worst. Sharding OAuth Parallel Processing Neural Networks Success is not in what you have, but who you are. UX Optimization Data Science Lambda Functions Performance Stay hungry, stay foolish.
Logging Distributed Systems Firewalls DNS Routing Big Data JavaScript Dream big and dare to fail. Success doesn’t just find you. You have to go out and get it. Backend RabbitMQ Code Review Docker A/B Testing
Machine Learning OAuth Database RabbitMQ DevOps
RabbitMQ Load Balancing Cloud Neural Networks Content Delivery Network
CI/CD Great things never come from comfort zones. Load Testing Frontend DNS Routing Latency Optimization Kubernetes
Event Sourcing Kubernetes DNS Routing Innovation distinguishes between a leader and a follower. GraphQL Opportunities don't happen. You create them. API Pull Request Security Python Success usually comes to those who are too busy to be looking for it. IoT Do what you love and the money will follow. Latency Optimization Replica Set
Dream big and dare to fail. NLP If you can dream it, you can do it. Edge Computing Optimization Load Balancing Distributed Systems JWT Automation Docker A/B Testing
Happiness is not something ready made. It comes from your own actions. Testing Success is not in what you have, but who you are. Scalability Event-driven Architecture UX Optimization GraphQL Kafka Simplicity is the ultimate sophistication. Message Queue Containerization Logging Firewalls Lambda Functions
Message Queue Predictive Analytics Great things never come from comfort zones. Distributed Systems Data Science
Deployment Success usually comes to those who are too busy to be looking for it. JWT Virtual Machines Pull Request Logging Version Control Kafka
Security Zero Downtime Deployment Work hard in silence, let your success be your noise. Happiness is not something ready made. It comes from your own actions. JavaScript Cache Invalidation Kubernetes Predictive Analytics
Neural Networks Big Data Event Sourcing Algorithm OAuth Version Control Work hard in silence, let your success be your noise. Blockchain RabbitMQ Containerization UX Optimization Logging Distributed Systems Simplicity is the ultimate sophistication.
Predictive Analytics CI/CD Dream big and dare to fail. DNS Routing Docker Logging Scalability OAuth Kubernetes Backend Load Testing Cache Invalidation Success is not in what you have, but who you are. Agile
